[2025-11-21 17:22:09] GET /wlc/public/api/status?mac=50:02:91:68:C6:D9
[2025-11-21 17:22:09] GET /wlc/public/api/status?mac=50:02:91:68:C6:D9
[2025-11-21 17:22:11] GET /wlc/public/api/status?mac=50:02:91:68:C6:D9
[2025-11-21 17:22:11] GET /wlc/public/api/status?mac=50:02:91:68:C6:D9
[2025-11-21 17:22:13] GET /wlc/public/api/status?mac=50:02:91:68:C6:D9
[2025-11-21 17:22:13] GET /wlc/public/api/status?mac=50:02:91:68:C6:D9
[2025-11-21 17:22:15] GET /wlc/public/api/status?mac=50:02:91:68:C6:D9
[2025-11-21 17:22:15] GET /wlc/public/api/status?mac=50:02:91:68:C6:D9
[2025-11-21 17:22:17] GET /wlc/public/api/status?mac=50:02:91:68:C6:D9
[2025-11-21 17:22:17] GET /wlc/public/api/status?mac=50:02:91:68:C6:D9
[2025-11-21 17:22:19] GET /wlc/public/api/status?mac=50:02:91:68:C6:D9
[2025-11-21 17:22:19] GET /wlc/public/api/status?mac=50:02:91:68:C6:D9
[2025-11-21 17:22:21] GET /wlc/public/api/status?mac=50:02:91:68:C6:D9
[2025-11-21 17:22:21] GET /wlc/public/api/status?mac=50:02:91:68:C6:D9
[2025-11-21 17:22:23] GET /wlc/public/api/status?mac=50:02:91:68:C6:D9
[2025-11-21 17:22:23] GET /wlc/public/api/status?mac=50:02:91:68:C6:D9
[2025-11-21 17:22:25] GET /wlc/public/api/status?mac=50:02:91:68:C6:D9
[2025-11-21 17:22:25] GET /wlc/public/api/status?mac=50:02:91:68:C6:D9
[2025-11-21 17:22:27] GET /wlc/public/api/status?mac=50:02:91:68:C6:D9
[2025-11-21 17:22:27] GET /wlc/public/api/status?mac=50:02:91:68:C6:D9
[2025-11-21 17:22:29] GET /wlc/public/api/status?mac=50:02:91:68:C6:D9
[2025-11-21 17:22:29] GET /wlc/public/api/status?mac=50:02:91:68:C6:D9
[2025-11-21 17:22:31] GET /wlc/public/api/status?mac=50:02:91:68:C6:D9
[2025-11-21 17:22:31] GET /wlc/public/api/status?mac=50:02:91:68:C6:D9
[2025-11-21 17:22:33] GET /wlc/public/api/status?mac=50:02:91:68:C6:D9
[2025-11-21 17:22:33] GET /wlc/public/api/status?mac=50:02:91:68:C6:D9
[2025-11-21 17:22:35] GET /wlc/public/api/status?mac=50:02:91:68:C6:D9
[2025-11-21 17:22:35] GET /wlc/public/api/status?mac=50:02:91:68:C6:D9
[2025-11-21 17:22:37] GET /wlc/public/api/status?mac=50:02:91:68:C6:D9
[2025-11-21 17:22:37] GET /wlc/public/api/status?mac=50:02:91:68:C6:D9
[2025-11-21 17:22:39] GET /wlc/public/api/status?mac=50:02:91:68:C6:D9
[2025-11-21 17:22:39] GET /wlc/public/api/status?mac=50:02:91:68:C6:D9
[2025-11-21 17:22:41] GET /wlc/public/api/status?mac=50:02:91:68:C6:D9
[2025-11-21 17:22:41] GET /wlc/public/api/status?mac=50:02:91:68:C6:D9
[2025-11-21 17:22:43] GET /wlc/public/api/status?mac=50:02:91:68:C6:D9
[2025-11-21 17:22:43] GET /wlc/public/api/status?mac=50:02:91:68:C6:D9
[2025-11-21 17:22:45] GET /wlc/public/api/status?mac=50:02:91:68:C6:D9
[2025-11-21 17:22:45] GET /wlc/public/api/status?mac=50:02:91:68:C6:D9
[2025-11-21 17:22:47] GET /wlc/public/api/status?mac=50:02:91:68:C6:D9
[2025-11-21 17:22:47] GET /wlc/public/api/status?mac=50:02:91:68:C6:D9
[2025-11-21 17:22:49] GET /wlc/public/api/status?mac=50:02:91:68:C6:D9
[2025-11-21 17:22:49] GET /wlc/public/api/status?mac=50:02:91:68:C6:D9
[2025-11-21 17:22:51] GET /wlc/public/api/status?mac=50:02:91:68:C6:D9
[2025-11-21 17:22:51] GET /wlc/public/api/status?mac=50:02:91:68:C6:D9
[2025-11-21 17:22:53] GET /wlc/public/api/status?mac=50:02:91:68:C6:D9
[2025-11-21 17:22:53] GET /wlc/public/api/status?mac=50:02:91:68:C6:D9
[2025-11-21 17:22:55] GET /wlc/public/api/status?mac=50:02:91:68:C6:D9
[2025-11-21 17:22:55] GET /wlc/public/api/status?mac=50:02:91:68:C6:D9
[2025-11-21 17:22:57] GET /wlc/public/api/status?mac=50:02:91:68:C6:D9
[2025-11-21 17:22:57] GET /wlc/public/api/status?mac=50:02:91:68:C6:D9
[2025-11-21 17:22:59] GET /wlc/public/api/status?mac=50:02:91:68:C6:D9
[2025-11-21 17:22:59] GET /wlc/public/api/status?mac=50:02:91:68:C6:D9
[2025-11-21 17:23:01] GET /wlc/public/api/status?mac=50:02:91:68:C6:D9
[2025-11-21 17:23:01] GET /wlc/public/api/status?mac=50:02:91:68:C6:D9
[2025-11-21 17:23:03] GET /wlc/public/api/status?mac=50:02:91:68:C6:D9
[2025-11-21 17:23:03] GET /wlc/public/api/status?mac=50:02:91:68:C6:D9
[2025-11-21 17:23:05] GET /wlc/public/api/status?mac=50:02:91:68:C6:D9
[2025-11-21 17:23:07] GET /wlc/public/api/status?mac=50:02:91:68:C6:D9
[2025-11-21 17:23:09] GET /wlc/public/api/status?mac=50:02:91:68:C6:D9
[2025-11-21 17:23:11] GET /wlc/public/api/status?mac=50:02:91:68:C6:D9
[2025-11-21 17:23:13] GET /wlc/public/api/status?mac=50:02:91:68:C6:D9
[2025-11-21 17:23:15] GET /wlc/public/api/status?mac=50:02:91:68:C6:D9
[2025-11-21 17:23:17] GET /wlc/public/api/status?mac=50:02:91:68:C6:D9
[2025-11-21 17:23:19] GET /wlc/public/api/status?mac=50:02:91:68:C6:D9
[2025-11-21 17:23:21] GET /wlc/public/api/status?mac=50:02:91:68:C6:D9
[2025-11-21 17:23:23] GET /wlc/public/api/status?mac=50:02:91:68:C6:D9
[2025-11-21 17:23:24] GET /wlc/
[2025-11-21 17:23:25] GET /wlc/logs/sensors
[2025-11-21 17:23:25] GET /wlc/public/api/status?mac=50:02:91:68:C6:D9
[2025-11-21 17:23:27] GET /wlc/public/api/status?mac=50:02:91:68:C6:D9
[2025-11-21 17:23:27] GET /wlc/users
[2025-11-21 17:23:29] GET /wlc/controllers
[2025-11-21 17:23:29] GET /wlc/public/api/status?mac=50:02:91:68:C6:D9
[2025-11-21 17:23:31] GET /wlc/public/api/status?mac=50:02:91:68:C6:D9
[2025-11-21 17:23:33] GET /wlc/public/api/status?mac=50:02:91:68:C6:D9
[2025-11-21 17:23:35] GET /wlc/public/api/status?mac=50:02:91:68:C6:D9
[2025-11-21 17:23:36] GET /wlc/controllers
[2025-11-21 17:23:36] GET /wlc/settings/sensors
[2025-11-21 17:23:37] GET /wlc/
[2025-11-21 17:23:37] GET /wlc/public/api/status?mac=50:02:91:68:C6:D9
[2025-11-21 17:23:38] GET /wlc/
[2025-11-21 17:23:39] GET /wlc/public/api/status?mac=50:02:91:68:C6:D9
[2025-11-21 17:23:39] GET /wlc/settings/pumps
[2025-11-21 17:23:40] GET /wlc/settings/tanks
[2025-11-21 17:23:41] GET /wlc/public/api/status?mac=50:02:91:68:C6:D9
[2025-11-21 17:23:43] GET /wlc/public/api/status?mac=50:02:91:68:C6:D9
[2025-11-21 17:23:45] GET /wlc/public/api/status?mac=50:02:91:68:C6:D9
[2025-11-21 17:23:47] GET /wlc/public/api/status?mac=50:02:91:68:C6:D9
[2025-11-21 17:23:49] GET /wlc/public/api/status?mac=50:02:91:68:C6:D9
[2025-11-21 17:23:51] GET /wlc/public/api/status?mac=50:02:91:68:C6:D9
[2025-11-21 17:23:53] GET /wlc/public/api/status?mac=50:02:91:68:C6:D9
[2025-11-21 17:23:55] GET /wlc/public/api/status?mac=50:02:91:68:C6:D9
[2025-11-21 17:23:57] GET /wlc/public/api/status?mac=50:02:91:68:C6:D9
[2025-11-21 17:23:59] GET /wlc/public/api/status?mac=50:02:91:68:C6:D9
[2025-11-21 17:24:01] GET /wlc/public/api/status?mac=50:02:91:68:C6:D9
[2025-11-21 17:24:03] GET /wlc/public/api/status?mac=50:02:91:68:C6:D9
[2025-11-21 17:24:05] GET /wlc/public/api/status?mac=50:02:91:68:C6:D9
[2025-11-21 17:24:07] GET /wlc/public/api/status?mac=50:02:91:68:C6:D9
[2025-11-21 17:24:09] GET /wlc/public/api/status?mac=50:02:91:68:C6:D9
[2025-11-21 17:24:11] GET /wlc/public/api/status?mac=50:02:91:68:C6:D9
[2025-11-21 17:24:13] GET /wlc/public/api/status?mac=50:02:91:68:C6:D9
[2025-11-21 17:24:15] GET /wlc/public/api/status?mac=50:02:91:68:C6:D9
[2025-11-21 17:24:17] GET /wlc/public/api/status?mac=50:02:91:68:C6:D9
[2025-11-21 17:24:19] GET /wlc/public/api/status?mac=50:02:91:68:C6:D9
[2025-11-21 17:24:21] GET /wlc/public/api/status?mac=50:02:91:68:C6:D9
[2025-11-21 17:24:23] GET /wlc/public/api/status?mac=50:02:91:68:C6:D9
[2025-11-21 17:24:25] GET /wlc/public/api/status?mac=50:02:91:68:C6:D9
[2025-11-21 17:24:27] GET /wlc/public/api/status?mac=50:02:91:68:C6:D9
[2025-11-21 17:24:29] GET /wlc/public/api/status?mac=50:02:91:68:C6:D9
[2025-11-21 17:24:31] GET /wlc/public/api/status?mac=50:02:91:68:C6:D9
[2025-11-21 17:24:33] GET /wlc/public/api/status?mac=50:02:91:68:C6:D9
[2025-11-21 17:24:35] GET /wlc/public/api/status?mac=50:02:91:68:C6:D9
[2025-11-21 17:24:37] GET /wlc/public/api/status?mac=50:02:91:68:C6:D9
[2025-11-21 17:24:39] GET /wlc/public/api/status?mac=50:02:91:68:C6:D9
[2025-11-21 17:24:41] GET /wlc/public/api/status?mac=50:02:91:68:C6:D9
[2025-11-21 17:24:43] GET /wlc/public/api/status?mac=50:02:91:68:C6:D9
[2025-11-21 17:24:45] GET /wlc/public/api/status?mac=50:02:91:68:C6:D9
[2025-11-21 17:24:47] GET /wlc/public/api/status?mac=50:02:91:68:C6:D9
[2025-11-21 17:24:49] GET /wlc/public/api/status?mac=50:02:91:68:C6:D9
[2025-11-21 17:24:51] GET /wlc/public/api/status?mac=50:02:91:68:C6:D9
[2025-11-21 17:24:53] GET /wlc/public/api/status?mac=50:02:91:68:C6:D9
[2025-11-21 17:24:55] GET /wlc/public/api/status?mac=50:02:91:68:C6:D9
[2025-11-21 17:24:57] GET /wlc/public/api/status?mac=50:02:91:68:C6:D9
[2025-11-21 17:24:59] GET /wlc/public/api/status?mac=50:02:91:68:C6:D9
[2025-11-21 17:25:01] GET /wlc/public/api/status?mac=50:02:91:68:C6:D9
[2025-11-21 17:25:03] GET /wlc/public/api/status?mac=50:02:91:68:C6:D9
[2025-11-21 17:25:05] GET /wlc/public/api/status?mac=50:02:91:68:C6:D9
[2025-11-21 17:25:07] GET /wlc/public/api/status?mac=50:02:91:68:C6:D9
[2025-11-21 17:25:09] GET /wlc/public/api/status?mac=50:02:91:68:C6:D9
[2025-11-21 17:25:11] GET /wlc/public/api/status?mac=50:02:91:68:C6:D9
[2025-11-21 17:25:13] GET /wlc/public/api/status?mac=50:02:91:68:C6:D9
[2025-11-21 17:25:15] GET /wlc/public/api/status?mac=50:02:91:68:C6:D9
[2025-11-21 17:25:17] GET /wlc/public/api/status?mac=50:02:91:68:C6:D9
[2025-11-21 17:25:19] GET /wlc/public/api/status?mac=50:02:91:68:C6:D9
[2025-11-21 17:25:21] GET /wlc/public/api/status?mac=50:02:91:68:C6:D9
[2025-11-21 17:25:23] GET /wlc/public/api/status?mac=50:02:91:68:C6:D9
[2025-11-21 17:25:25] GET /wlc/public/api/status?mac=50:02:91:68:C6:D9
[2025-11-21 17:25:27] GET /wlc/public/api/status?mac=50:02:91:68:C6:D9
[2025-11-21 17:25:29] GET /wlc/public/api/status?mac=50:02:91:68:C6:D9
[2025-11-21 17:25:31] GET /wlc/public/api/status?mac=50:02:91:68:C6:D9
[2025-11-21 17:25:33] GET /wlc/public/api/status?mac=50:02:91:68:C6:D9
[2025-11-21 17:25:35] GET /wlc/public/api/status?mac=50:02:91:68:C6:D9
[2025-11-21 17:25:37] GET /wlc/public/api/status?mac=50:02:91:68:C6:D9
[2025-11-21 17:25:39] GET /wlc/public/api/status?mac=50:02:91:68:C6:D9
[2025-11-21 17:25:41] GET /wlc/public/api/status?mac=50:02:91:68:C6:D9
[2025-11-21 17:25:43] GET /wlc/public/api/status?mac=50:02:91:68:C6:D9
[2025-11-21 17:25:45] GET /wlc/public/api/status?mac=50:02:91:68:C6:D9
[2025-11-21 17:25:47] GET /wlc/public/api/status?mac=50:02:91:68:C6:D9
[2025-11-21 17:25:49] GET /wlc/public/api/status?mac=50:02:91:68:C6:D9
[2025-11-21 17:25:51] GET /wlc/public/api/status?mac=50:02:91:68:C6:D9
[2025-11-21 17:25:53] GET /wlc/public/api/status?mac=50:02:91:68:C6:D9
[2025-11-21 17:25:55] GET /wlc/public/api/status?mac=50:02:91:68:C6:D9
[2025-11-21 17:25:57] GET /wlc/public/api/status?mac=50:02:91:68:C6:D9
[2025-11-21 17:25:59] GET /wlc/public/api/status?mac=50:02:91:68:C6:D9
[2025-11-21 17:26:01] GET /wlc/public/api/status?mac=50:02:91:68:C6:D9
[2025-11-21 17:26:03] GET /wlc/public/api/status?mac=50:02:91:68:C6:D9
[2025-11-21 17:26:05] GET /wlc/public/api/status?mac=50:02:91:68:C6:D9
[2025-11-21 17:26:07] GET /wlc/public/api/status?mac=50:02:91:68:C6:D9
[2025-11-21 17:26:09] GET /wlc/public/api/status?mac=50:02:91:68:C6:D9
[2025-11-21 17:26:11] GET /wlc/public/api/status?mac=50:02:91:68:C6:D9
[2025-11-21 17:26:13] GET /wlc/public/api/status?mac=50:02:91:68:C6:D9
[2025-11-21 17:26:15] GET /wlc/public/api/status?mac=50:02:91:68:C6:D9
[2025-11-21 17:26:17] GET /wlc/public/api/status?mac=50:02:91:68:C6:D9
[2025-11-21 17:26:19] GET /wlc/public/api/status?mac=50:02:91:68:C6:D9
[2025-11-21 17:26:21] GET /wlc/public/api/status?mac=50:02:91:68:C6:D9
[2025-11-21 17:26:23] GET /wlc/public/api/status?mac=50:02:91:68:C6:D9
[2025-11-21 17:26:25] GET /wlc/public/api/status?mac=50:02:91:68:C6:D9
[2025-11-21 17:26:27] GET /wlc/public/api/status?mac=50:02:91:68:C6:D9
[2025-11-21 17:26:29] GET /wlc/public/api/status?mac=50:02:91:68:C6:D9
[2025-11-21 17:26:31] GET /wlc/public/api/status?mac=50:02:91:68:C6:D9
[2025-11-21 17:26:33] GET /wlc/public/api/status?mac=50:02:91:68:C6:D9
[2025-11-21 17:26:35] GET /wlc/public/api/status?mac=50:02:91:68:C6:D9
[2025-11-21 17:26:37] GET /wlc/public/api/status?mac=50:02:91:68:C6:D9
[2025-11-21 17:26:39] GET /wlc/public/api/status?mac=50:02:91:68:C6:D9
[2025-11-21 17:26:41] GET /wlc/public/api/status?mac=50:02:91:68:C6:D9
[2025-11-21 17:26:43] GET /wlc/public/api/status?mac=50:02:91:68:C6:D9
[2025-11-21 17:26:45] GET /wlc/public/api/status?mac=50:02:91:68:C6:D9
[2025-11-21 17:26:47] GET /wlc/public/api/status?mac=50:02:91:68:C6:D9
[2025-11-21 17:26:49] GET /wlc/public/api/status?mac=50:02:91:68:C6:D9
[2025-11-21 17:26:51] GET /wlc/public/api/status?mac=50:02:91:68:C6:D9
[2025-11-21 17:26:53] GET /wlc/public/api/status?mac=50:02:91:68:C6:D9
[2025-11-21 17:26:55] GET /wlc/public/api/status?mac=50:02:91:68:C6:D9
[2025-11-21 17:26:57] GET /wlc/public/api/status?mac=50:02:91:68:C6:D9
[2025-11-21 17:26:59] GET /wlc/public/api/status?mac=50:02:91:68:C6:D9
[2025-11-21 17:27:01] GET /wlc/public/api/status?mac=50:02:91:68:C6:D9
[2025-11-21 17:27:03] GET /wlc/public/api/status?mac=50:02:91:68:C6:D9
[2025-11-21 17:27:05] GET /wlc/public/api/status?mac=50:02:91:68:C6:D9
[2025-11-21 17:27:07] GET /wlc/public/api/status?mac=50:02:91:68:C6:D9
[2025-11-21 17:27:09] GET /wlc/public/api/status?mac=50:02:91:68:C6:D9
[2025-11-21 17:27:11] GET /wlc/public/api/status?mac=50:02:91:68:C6:D9
[2025-11-21 17:27:13] GET /wlc/public/api/status?mac=50:02:91:68:C6:D9
[2025-11-21 17:27:15] GET /wlc/public/api/status?mac=50:02:91:68:C6:D9
[2025-11-21 17:27:17] GET /wlc/public/api/status?mac=50:02:91:68:C6:D9
[2025-11-21 17:27:19] GET /wlc/public/api/status?mac=50:02:91:68:C6:D9
[2025-11-21 17:27:21] GET /wlc/public/api/status?mac=50:02:91:68:C6:D9
[2025-11-21 17:27:23] GET /wlc/public/api/status?mac=50:02:91:68:C6:D9
[2025-11-21 17:27:25] GET /wlc/public/api/status?mac=50:02:91:68:C6:D9
[2025-11-21 17:27:27] GET /wlc/public/api/status?mac=50:02:91:68:C6:D9
[2025-11-21 17:27:29] GET /wlc/public/api/status?mac=50:02:91:68:C6:D9
[2025-11-21 17:27:31] GET /wlc/public/api/status?mac=50:02:91:68:C6:D9
[2025-11-21 17:27:33] GET /wlc/public/api/status?mac=50:02:91:68:C6:D9
[2025-11-21 17:27:35] GET /wlc/public/api/status?mac=50:02:91:68:C6:D9
[2025-11-21 17:27:37] GET /wlc/public/api/status?mac=50:02:91:68:C6:D9
[2025-11-21 17:27:39] GET /wlc/public/api/status?mac=50:02:91:68:C6:D9
[2025-11-21 17:27:41] GET /wlc/public/api/status?mac=50:02:91:68:C6:D9
[2025-11-21 17:27:43] GET /wlc/public/api/status?mac=50:02:91:68:C6:D9
[2025-11-21 17:27:45] GET /wlc/public/api/status?mac=50:02:91:68:C6:D9
[2025-11-21 17:27:47] GET /wlc/public/api/status?mac=50:02:91:68:C6:D9
[2025-11-21 17:27:49] GET /wlc/public/api/status?mac=50:02:91:68:C6:D9
[2025-11-21 17:27:51] GET /wlc/public/api/status?mac=50:02:91:68:C6:D9
[2025-11-21 17:27:53] GET /wlc/public/api/status?mac=50:02:91:68:C6:D9
[2025-11-21 17:27:55] GET /wlc/public/api/status?mac=50:02:91:68:C6:D9
[2025-11-21 17:27:57] GET /wlc/public/api/status?mac=50:02:91:68:C6:D9
[2025-11-21 17:27:59] GET /wlc/public/api/status?mac=50:02:91:68:C6:D9
[2025-11-21 17:28:01] GET /wlc/public/api/status?mac=50:02:91:68:C6:D9
[2025-11-21 17:28:03] GET /wlc/public/api/status?mac=50:02:91:68:C6:D9
[2025-11-21 17:28:05] GET /wlc/public/api/status?mac=50:02:91:68:C6:D9
[2025-11-21 17:28:07] GET /wlc/public/api/status?mac=50:02:91:68:C6:D9
[2025-11-21 17:28:09] GET /wlc/public/api/status?mac=50:02:91:68:C6:D9
[2025-11-21 17:28:11] GET /wlc/public/api/status?mac=50:02:91:68:C6:D9
[2025-11-21 17:28:13] GET /wlc/public/api/status?mac=50:02:91:68:C6:D9
[2025-11-21 17:28:15] GET /wlc/public/api/status?mac=50:02:91:68:C6:D9
[2025-11-21 17:28:17] GET /wlc/public/api/status?mac=50:02:91:68:C6:D9
[2025-11-21 17:28:19] GET /wlc/public/api/status?mac=50:02:91:68:C6:D9
[2025-11-21 17:28:21] GET /wlc/public/api/status?mac=50:02:91:68:C6:D9
[2025-11-21 17:28:23] GET /wlc/public/api/status?mac=50:02:91:68:C6:D9
[2025-11-21 17:28:25] GET /wlc/public/api/status?mac=50:02:91:68:C6:D9
[2025-11-21 17:28:27] GET /wlc/public/api/status?mac=50:02:91:68:C6:D9
[2025-11-21 17:28:29] GET /wlc/public/api/status?mac=50:02:91:68:C6:D9
[2025-11-21 17:28:31] GET /wlc/public/api/status?mac=50:02:91:68:C6:D9
[2025-11-21 17:28:33] GET /wlc/public/api/status?mac=50:02:91:68:C6:D9
[2025-11-21 17:28:35] GET /wlc/public/api/status?mac=50:02:91:68:C6:D9
[2025-11-21 17:28:37] GET /wlc/public/api/status?mac=50:02:91:68:C6:D9
[2025-11-21 17:28:39] GET /wlc/public/api/status?mac=50:02:91:68:C6:D9
[2025-11-21 17:28:41] GET /wlc/public/api/status?mac=50:02:91:68:C6:D9
[2025-11-21 17:28:43] GET /wlc/public/api/status?mac=50:02:91:68:C6:D9
[2025-11-21 17:28:45] GET /wlc/public/api/status?mac=50:02:91:68:C6:D9
[2025-11-21 17:28:47] GET /wlc/public/api/status?mac=50:02:91:68:C6:D9
[2025-11-21 17:28:49] GET /wlc/public/api/status?mac=50:02:91:68:C6:D9
[2025-11-21 17:28:51] GET /wlc/public/api/status?mac=50:02:91:68:C6:D9
[2025-11-21 17:28:53] GET /wlc/public/api/status?mac=50:02:91:68:C6:D9
[2025-11-21 17:28:55] GET /wlc/public/api/status?mac=50:02:91:68:C6:D9
[2025-11-21 17:28:57] GET /wlc/public/api/status?mac=50:02:91:68:C6:D9
[2025-11-21 17:28:59] GET /wlc/public/api/status?mac=50:02:91:68:C6:D9
[2025-11-21 17:29:01] GET /wlc/public/api/status?mac=50:02:91:68:C6:D9
[2025-11-21 17:29:03] GET /wlc/public/api/status?mac=50:02:91:68:C6:D9
[2025-11-21 17:29:05] GET /wlc/public/api/status?mac=50:02:91:68:C6:D9
[2025-11-21 17:29:07] GET /wlc/public/api/status?mac=50:02:91:68:C6:D9
[2025-11-21 17:29:09] GET /wlc/public/api/status?mac=50:02:91:68:C6:D9
[2025-11-21 17:29:11] GET /wlc/public/api/status?mac=50:02:91:68:C6:D9
[2025-11-21 17:29:13] GET /wlc/public/api/status?mac=50:02:91:68:C6:D9
[2025-11-21 17:29:15] GET /wlc/public/api/status?mac=50:02:91:68:C6:D9
[2025-11-21 17:29:17] GET /wlc/public/api/status?mac=50:02:91:68:C6:D9
[2025-11-21 17:29:19] GET /wlc/public/api/status?mac=50:02:91:68:C6:D9
[2025-11-21 17:29:21] GET /wlc/public/api/status?mac=50:02:91:68:C6:D9
[2025-11-21 17:29:23] GET /wlc/public/api/status?mac=50:02:91:68:C6:D9
[2025-11-21 17:29:25] GET /wlc/public/api/status?mac=50:02:91:68:C6:D9
[2025-11-21 17:29:27] GET /wlc/public/api/status?mac=50:02:91:68:C6:D9
[2025-11-21 17:29:29] GET /wlc/public/api/status?mac=50:02:91:68:C6:D9
[2025-11-21 17:29:31] GET /wlc/public/api/status?mac=50:02:91:68:C6:D9
[2025-11-21 17:29:33] GET /wlc/public/api/status?mac=50:02:91:68:C6:D9
[2025-11-21 17:29:35] GET /wlc/public/api/status?mac=50:02:91:68:C6:D9
[2025-11-21 17:29:37] GET /wlc/public/api/status?mac=50:02:91:68:C6:D9
[2025-11-21 17:29:39] GET /wlc/public/api/status?mac=50:02:91:68:C6:D9
[2025-11-21 17:29:41] GET /wlc/public/api/status?mac=50:02:91:68:C6:D9
[2025-11-21 17:29:43] GET /wlc/public/api/status?mac=50:02:91:68:C6:D9
[2025-11-21 17:29:45] GET /wlc/public/api/status?mac=50:02:91:68:C6:D9
[2025-11-21 17:29:47] GET /wlc/public/api/status?mac=50:02:91:68:C6:D9
[2025-11-21 17:29:49] GET /wlc/public/api/status?mac=50:02:91:68:C6:D9
[2025-11-21 17:29:51] GET /wlc/public/api/status?mac=50:02:91:68:C6:D9
[2025-11-21 17:29:53] GET /wlc/public/api/status?mac=50:02:91:68:C6:D9
[2025-11-21 17:29:55] GET /wlc/public/api/status?mac=50:02:91:68:C6:D9
[2025-11-21 17:29:57] GET /wlc/public/api/status?mac=50:02:91:68:C6:D9
[2025-11-21 17:29:59] GET /wlc/public/api/status?mac=50:02:91:68:C6:D9
[2025-11-21 17:30:01] GET /wlc/public/api/status?mac=50:02:91:68:C6:D9
[2025-11-21 17:30:03] GET /wlc/public/api/status?mac=50:02:91:68:C6:D9
[2025-11-21 17:30:05] GET /wlc/public/api/status?mac=50:02:91:68:C6:D9
[2025-11-21 17:30:07] GET /wlc/public/api/status?mac=50:02:91:68:C6:D9
[2025-11-21 17:30:09] GET /wlc/public/api/status?mac=50:02:91:68:C6:D9
[2025-11-21 17:30:11] GET /wlc/public/api/status?mac=50:02:91:68:C6:D9
[2025-11-21 17:30:13] GET /wlc/public/api/status?mac=50:02:91:68:C6:D9
[2025-11-21 17:30:15] GET /wlc/public/api/status?mac=50:02:91:68:C6:D9
[2025-11-21 17:30:17] GET /wlc/public/api/status?mac=50:02:91:68:C6:D9
[2025-11-21 17:30:19] GET /wlc/public/api/status?mac=50:02:91:68:C6:D9
[2025-11-21 17:30:21] GET /wlc/public/api/status?mac=50:02:91:68:C6:D9
[2025-11-21 17:30:23] GET /wlc/public/api/status?mac=50:02:91:68:C6:D9
[2025-11-21 17:30:25] GET /wlc/public/api/status?mac=50:02:91:68:C6:D9
[2025-11-21 17:30:27] GET /wlc/public/api/status?mac=50:02:91:68:C6:D9
[2025-11-21 17:30:29] GET /wlc/public/api/status?mac=50:02:91:68:C6:D9
[2025-11-21 17:30:31] GET /wlc/public/api/status?mac=50:02:91:68:C6:D9
[2025-11-21 17:30:33] GET /wlc/public/api/status?mac=50:02:91:68:C6:D9
[2025-11-21 17:30:35] GET /wlc/public/api/status?mac=50:02:91:68:C6:D9
[2025-11-21 17:30:37] GET /wlc/public/api/status?mac=50:02:91:68:C6:D9
[2025-11-21 17:30:39] GET /wlc/public/api/status?mac=50:02:91:68:C6:D9
[2025-11-21 17:30:41] GET /wlc/public/api/status?mac=50:02:91:68:C6:D9
[2025-11-21 17:30:43] GET /wlc/public/api/status?mac=50:02:91:68:C6:D9
[2025-11-21 17:30:45] GET /wlc/public/api/status?mac=50:02:91:68:C6:D9
[2025-11-21 17:30:47] GET /wlc/public/api/status?mac=50:02:91:68:C6:D9
[2025-11-21 17:30:49] GET /wlc/public/api/status?mac=50:02:91:68:C6:D9
[2025-11-21 17:30:51] GET /wlc/public/api/status?mac=50:02:91:68:C6:D9
[2025-11-21 17:30:53] GET /wlc/public/api/status?mac=50:02:91:68:C6:D9
[2025-11-21 17:30:55] GET /wlc/public/api/status?mac=50:02:91:68:C6:D9
[2025-11-21 17:30:57] GET /wlc/public/api/status?mac=50:02:91:68:C6:D9
[2025-11-21 17:30:59] GET /wlc/public/api/status?mac=50:02:91:68:C6:D9
[2025-11-21 17:31:01] GET /wlc/public/api/status?mac=50:02:91:68:C6:D9
[2025-11-21 17:31:03] GET /wlc/public/api/status?mac=50:02:91:68:C6:D9
[2025-11-21 17:31:05] GET /wlc/public/api/status?mac=50:02:91:68:C6:D9
[2025-11-21 17:31:07] GET /wlc/public/api/status?mac=50:02:91:68:C6:D9
[2025-11-21 17:31:09] GET /wlc/public/api/status?mac=50:02:91:68:C6:D9
[2025-11-21 17:31:11] GET /wlc/public/api/status?mac=50:02:91:68:C6:D9
[2025-11-21 17:31:13] GET /wlc/public/api/status?mac=50:02:91:68:C6:D9
[2025-11-21 17:31:15] GET /wlc/public/api/status?mac=50:02:91:68:C6:D9
[2025-11-21 17:31:17] GET /wlc/public/api/status?mac=50:02:91:68:C6:D9
[2025-11-21 17:31:19] GET /wlc/public/api/status?mac=50:02:91:68:C6:D9
[2025-11-21 17:31:21] GET /wlc/public/api/status?mac=50:02:91:68:C6:D9
[2025-11-21 17:31:23] GET /wlc/public/api/status?mac=50:02:91:68:C6:D9
[2025-11-21 17:31:25] GET /wlc/public/api/status?mac=50:02:91:68:C6:D9
[2025-11-21 17:31:27] GET /wlc/public/api/status?mac=50:02:91:68:C6:D9
[2025-11-21 17:31:29] GET /wlc/public/api/status?mac=50:02:91:68:C6:D9
[2025-11-21 17:31:31] GET /wlc/public/api/status?mac=50:02:91:68:C6:D9
[2025-11-21 17:31:33] GET /wlc/public/api/status?mac=50:02:91:68:C6:D9
[2025-11-21 17:31:35] GET /wlc/public/api/status?mac=50:02:91:68:C6:D9
[2025-11-21 17:31:37] GET /wlc/public/api/status?mac=50:02:91:68:C6:D9
[2025-11-21 17:31:39] GET /wlc/public/api/status?mac=50:02:91:68:C6:D9
[2025-11-21 17:31:41] GET /wlc/public/api/status?mac=50:02:91:68:C6:D9
[2025-11-21 17:31:43] GET /wlc/public/api/status?mac=50:02:91:68:C6:D9
[2025-11-21 17:31:45] GET /wlc/public/api/status?mac=50:02:91:68:C6:D9
[2025-11-21 17:31:47] GET /wlc/public/api/status?mac=50:02:91:68:C6:D9
[2025-11-21 17:31:49] GET /wlc/public/api/status?mac=50:02:91:68:C6:D9
[2025-11-21 17:31:51] GET /wlc/public/api/status?mac=50:02:91:68:C6:D9
[2025-11-21 17:31:53] GET /wlc/public/api/status?mac=50:02:91:68:C6:D9
[2025-11-21 17:31:55] GET /wlc/public/api/status?mac=50:02:91:68:C6:D9
[2025-11-21 17:31:57] GET /wlc/public/api/status?mac=50:02:91:68:C6:D9
[2025-11-21 17:31:59] GET /wlc/public/api/status?mac=50:02:91:68:C6:D9
[2025-11-21 17:32:01] GET /wlc/public/api/status?mac=50:02:91:68:C6:D9
[2025-11-21 17:32:03] GET /wlc/public/api/status?mac=50:02:91:68:C6:D9
[2025-11-21 17:32:05] GET /wlc/public/api/status?mac=50:02:91:68:C6:D9
[2025-11-21 17:32:07] GET /wlc/public/api/status?mac=50:02:91:68:C6:D9
[2025-11-21 17:32:09] GET /wlc/public/api/status?mac=50:02:91:68:C6:D9
[2025-11-21 17:32:09] GET /wlc/controllers
[2025-11-21 17:32:11] GET /wlc/public/api/status?mac=50:02:91:68:C6:D9
[2025-11-21 17:32:13] GET /wlc/public/api/status?mac=50:02:91:68:C6:D9
[2025-11-21 17:32:15] GET /wlc/public/api/status?mac=50:02:91:68:C6:D9
[2025-11-21 17:32:17] GET /wlc/settings/pumps
[2025-11-21 17:32:17] GET /wlc/public/api/status?mac=50:02:91:68:C6:D9
[2025-11-21 17:32:18] GET /wlc/settings/sensors
[2025-11-21 17:32:19] GET /wlc/controllers
[2025-11-21 17:32:19] GET /wlc/public/api/status?mac=50:02:91:68:C6:D9
[2025-11-21 17:32:20] GET /wlc/users
[2025-11-21 17:32:21] GET /wlc/logs/sensors
[2025-11-21 17:32:21] GET /wlc/public/api/status?mac=50:02:91:68:C6:D9
[2025-11-21 17:32:23] GET /wlc/public/api/status?mac=50:02:91:68:C6:D9
[2025-11-21 17:32:24] GET /wlc/
[2025-11-21 17:32:25] GET /wlc/controllers
[2025-11-21 17:32:25] GET /wlc/public/api/status?mac=50:02:91:68:C6:D9
[2025-11-21 17:32:27] GET /wlc/public/api/status?mac=50:02:91:68:C6:D9
[2025-11-21 17:32:29] GET /wlc/public/api/status?mac=50:02:91:68:C6:D9
[2025-11-21 17:32:31] GET /wlc/public/api/status?mac=50:02:91:68:C6:D9
[2025-11-21 17:32:33] GET /wlc/public/api/status?mac=50:02:91:68:C6:D9
[2025-11-21 17:32:35] GET /wlc/public/api/status?mac=50:02:91:68:C6:D9
[2025-11-21 17:32:37] GET /wlc/public/api/status?mac=50:02:91:68:C6:D9
[2025-11-21 17:32:39] GET /wlc/public/api/status?mac=50:02:91:68:C6:D9
[2025-11-21 17:32:41] GET /wlc/public/api/status?mac=50:02:91:68:C6:D9
[2025-11-21 17:32:43] GET /wlc/public/api/status?mac=50:02:91:68:C6:D9
[2025-11-21 17:32:45] GET /wlc/public/api/status?mac=50:02:91:68:C6:D9
[2025-11-21 17:32:47] GET /wlc/public/api/status?mac=50:02:91:68:C6:D9
[2025-11-21 17:32:49] GET /wlc/public/api/status?mac=50:02:91:68:C6:D9
[2025-11-21 17:32:51] GET /wlc/public/api/status?mac=50:02:91:68:C6:D9
[2025-11-21 17:32:53] GET /wlc/public/api/status?mac=50:02:91:68:C6:D9
[2025-11-21 17:32:55] GET /wlc/public/api/status?mac=50:02:91:68:C6:D9
[2025-11-21 17:32:57] GET /wlc/public/api/status?mac=50:02:91:68:C6:D9
[2025-11-21 17:32:59] GET /wlc/public/api/status?mac=50:02:91:68:C6:D9
[2025-11-21 17:33:01] GET /wlc/public/api/status?mac=50:02:91:68:C6:D9
[2025-11-21 17:33:03] GET /wlc/public/api/status?mac=50:02:91:68:C6:D9
[2025-11-21 17:33:05] GET /wlc/public/api/status?mac=50:02:91:68:C6:D9
[2025-11-21 17:33:07] GET /wlc/public/api/status?mac=50:02:91:68:C6:D9
[2025-11-21 17:33:09] GET /wlc/public/api/status?mac=50:02:91:68:C6:D9
[2025-11-21 17:33:11] GET /wlc/public/api/status?mac=50:02:91:68:C6:D9
[2025-11-21 17:33:13] GET /wlc/public/api/status?mac=50:02:91:68:C6:D9
[2025-11-21 17:33:15] GET /wlc/public/api/status?mac=50:02:91:68:C6:D9
[2025-11-21 17:33:17] GET /wlc/public/api/status?mac=50:02:91:68:C6:D9
[2025-11-21 17:33:19] GET /wlc/public/api/status?mac=50:02:91:68:C6:D9
[2025-11-21 17:33:21] GET /wlc/public/api/status?mac=50:02:91:68:C6:D9
[2025-11-21 17:33:23] GET /wlc/public/api/status?mac=50:02:91:68:C6:D9
[2025-11-21 17:33:25] GET /wlc/public/api/status?mac=50:02:91:68:C6:D9
[2025-11-21 17:33:27] GET /wlc/public/api/status?mac=50:02:91:68:C6:D9
[2025-11-21 17:33:29] GET /wlc/public/api/status?mac=50:02:91:68:C6:D9
[2025-11-21 17:33:31] GET /wlc/public/api/status?mac=50:02:91:68:C6:D9
[2025-11-21 17:33:33] GET /wlc/public/api/status?mac=50:02:91:68:C6:D9
[2025-11-21 17:33:35] GET /wlc/public/api/status?mac=50:02:91:68:C6:D9
[2025-11-21 17:33:37] GET /wlc/public/api/status?mac=50:02:91:68:C6:D9
[2025-11-21 17:33:39] GET /wlc/public/api/status?mac=50:02:91:68:C6:D9
[2025-11-21 17:33:41] GET /wlc/public/api/status?mac=50:02:91:68:C6:D9
[2025-11-21 17:33:43] GET /wlc/public/api/status?mac=50:02:91:68:C6:D9
[2025-11-21 17:33:45] GET /wlc/public/api/status?mac=50:02:91:68:C6:D9
[2025-11-21 17:33:47] GET /wlc/public/api/status?mac=50:02:91:68:C6:D9
[2025-11-21 17:33:49] GET /wlc/public/api/status?mac=50:02:91:68:C6:D9
[2025-11-21 17:33:51] GET /wlc/public/api/status?mac=50:02:91:68:C6:D9
[2025-11-21 17:33:53] GET /wlc/public/api/status?mac=50:02:91:68:C6:D9
[2025-11-21 17:33:55] GET /wlc/public/api/status?mac=50:02:91:68:C6:D9
[2025-11-21 17:33:57] GET /wlc/public/api/status?mac=50:02:91:68:C6:D9
[2025-11-21 17:33:59] GET /wlc/public/api/status?mac=50:02:91:68:C6:D9
[2025-11-21 17:34:01] GET /wlc/public/api/status?mac=50:02:91:68:C6:D9
[2025-11-21 17:34:03] GET /wlc/public/api/status?mac=50:02:91:68:C6:D9
[2025-11-21 17:34:04] GET /wlc/detect
[2025-11-21 17:34:04] GET /wlc/api/detected-devices
[2025-11-21 17:34:05] GET /wlc/public/api/status?mac=50:02:91:68:C6:D9
[2025-11-21 17:34:07] GET /wlc/public/api/status?mac=50:02:91:68:C6:D9
[2025-11-21 17:34:09] GET /wlc/api/detected-devices
[2025-11-21 17:34:09] GET /wlc/public/api/status?mac=50:02:91:68:C6:D9
[2025-11-21 17:34:11] GET /wlc/public/api/status?mac=50:02:91:68:C6:D9
[2025-11-21 17:34:13] GET /wlc/public/api/status?mac=50:02:91:68:C6:D9
[2025-11-21 17:34:14] GET /wlc/api/detected-devices
[2025-11-21 17:34:15] GET /wlc/public/api/status?mac=50:02:91:68:C6:D9
[2025-11-21 17:34:17] GET /wlc/public/api/status?mac=50:02:91:68:C6:D9
[2025-11-21 17:34:19] GET /wlc/public/api/status?mac=50:02:91:68:C6:D9
[2025-11-21 17:34:19] GET /wlc/api/detected-devices
[2025-11-21 17:34:21] GET /wlc/public/api/status?mac=50:02:91:68:C6:D9
[2025-11-21 17:34:23] GET /wlc/public/api/status?mac=50:02:91:68:C6:D9
[2025-11-21 17:34:24] GET /wlc/api/detected-devices
[2025-11-21 17:34:25] GET /wlc/public/api/status?mac=50:02:91:68:C6:D9
[2025-11-21 17:34:27] GET /wlc/public/api/status?mac=50:02:91:68:C6:D9
[2025-11-21 17:34:29] GET /wlc/api/detected-devices
[2025-11-21 17:34:29] GET /wlc/public/api/status?mac=50:02:91:68:C6:D9
[2025-11-21 17:34:31] GET /wlc/public/api/status?mac=50:02:91:68:C6:D9
[2025-11-21 17:34:33] GET /wlc/public/api/status?mac=50:02:91:68:C6:D9
[2025-11-21 17:34:34] GET /wlc/api/detected-devices
[2025-11-21 17:34:35] GET /wlc/public/api/status?mac=50:02:91:68:C6:D9
[2025-11-21 17:34:37] GET /wlc/public/api/status?mac=50:02:91:68:C6:D9
[2025-11-21 17:34:39] GET /wlc/public/api/status?mac=50:02:91:68:C6:D9
[2025-11-21 17:34:39] GET /wlc/api/detected-devices
[2025-11-21 17:34:41] GET /wlc/public/api/status?mac=50:02:91:68:C6:D9
[2025-11-21 17:34:43] GET /wlc/public/api/status?mac=50:02:91:68:C6:D9
[2025-11-21 17:34:44] GET /wlc/api/detected-devices
[2025-11-21 17:34:45] GET /wlc/public/api/status?mac=50:02:91:68:C6:D9
[2025-11-21 17:34:47] GET /wlc/public/api/status?mac=50:02:91:68:C6:D9
[2025-11-21 17:34:49] GET /wlc/public/api/status?mac=50:02:91:68:C6:D9
[2025-11-21 17:34:49] GET /wlc/api/detected-devices
[2025-11-21 17:34:51] GET /wlc/public/api/status?mac=50:02:91:68:C6:D9
[2025-11-21 17:34:53] GET /wlc/public/api/status?mac=50:02:91:68:C6:D9
[2025-11-21 17:34:54] GET /wlc/api/detected-devices
[2025-11-21 17:34:55] GET /wlc/public/api/status?mac=50:02:91:68:C6:D9
[2025-11-21 17:34:57] GET /wlc/public/api/status?mac=50:02:91:68:C6:D9
[2025-11-21 17:34:59] GET /wlc/api/detected-devices
[2025-11-21 17:34:59] GET /wlc/public/api/status?mac=50:02:91:68:C6:D9
[2025-11-21 17:35:01] GET /wlc/public/api/status?mac=50:02:91:68:C6:D9
[2025-11-21 17:35:03] GET /wlc/public/api/status?mac=50:02:91:68:C6:D9
[2025-11-21 17:35:04] GET /wlc/api/detected-devices
[2025-11-21 17:35:05] GET /wlc/public/api/status?mac=50:02:91:68:C6:D9
[2025-11-21 17:35:07] GET /wlc/public/api/status?mac=50:02:91:68:C6:D9
[2025-11-21 17:35:09] GET /wlc/api/detected-devices
[2025-11-21 17:35:09] GET /wlc/public/api/status?mac=50:02:91:68:C6:D9
[2025-11-21 17:35:11] GET /wlc/public/api/status?mac=50:02:91:68:C6:D9
[2025-11-21 17:35:12] GET /wlc/controllers
[2025-11-21 17:35:13] GET /wlc/public/api/status?mac=50:02:91:68:C6:D9
[2025-11-21 17:35:15] GET /wlc/public/api/status?mac=50:02:91:68:C6:D9
[2025-11-21 17:35:17] GET /wlc/public/api/status?mac=50:02:91:68:C6:D9
[2025-11-21 17:35:19] GET /wlc/public/api/status?mac=50:02:91:68:C6:D9
[2025-11-21 17:35:21] GET /wlc/public/api/status?mac=50:02:91:68:C6:D9
[2025-11-21 17:35:23] GET /wlc/public/api/status?mac=50:02:91:68:C6:D9
[2025-11-21 17:35:25] GET /wlc/public/api/status?mac=50:02:91:68:C6:D9
[2025-11-21 17:35:27] GET /wlc/public/api/status?mac=50:02:91:68:C6:D9
[2025-11-21 17:35:29] GET /wlc/public/api/status?mac=50:02:91:68:C6:D9
[2025-11-21 17:35:31] GET /wlc/public/api/status?mac=50:02:91:68:C6:D9
[2025-11-21 17:35:33] GET /wlc/public/api/status?mac=50:02:91:68:C6:D9
[2025-11-21 17:35:35] GET /wlc/public/api/status?mac=50:02:91:68:C6:D9
[2025-11-21 17:35:37] GET /wlc/public/api/status?mac=50:02:91:68:C6:D9
[2025-11-21 17:35:39] GET /wlc/public/api/status?mac=50:02:91:68:C6:D9
[2025-11-21 17:35:41] GET /wlc/public/api/status?mac=50:02:91:68:C6:D9
[2025-11-21 17:35:43] GET /wlc/public/api/status?mac=50:02:91:68:C6:D9
[2025-11-21 17:35:45] GET /wlc/public/api/status?mac=50:02:91:68:C6:D9
[2025-11-21 17:35:47] GET /wlc/public/api/status?mac=50:02:91:68:C6:D9
[2025-11-21 17:35:49] GET /wlc/public/api/status?mac=50:02:91:68:C6:D9
[2025-11-21 17:35:51] GET /wlc/public/api/status?mac=50:02:91:68:C6:D9
[2025-11-21 17:35:53] GET /wlc/public/api/status?mac=50:02:91:68:C6:D9
[2025-11-21 17:35:55] GET /wlc/public/api/status?mac=50:02:91:68:C6:D9
[2025-11-21 17:35:57] GET /wlc/public/api/status?mac=50:02:91:68:C6:D9
[2025-11-21 17:35:59] GET /wlc/public/api/status?mac=50:02:91:68:C6:D9
[2025-11-21 17:36:01] GET /wlc/public/api/status?mac=50:02:91:68:C6:D9
[2025-11-21 17:36:03] GET /wlc/public/api/status?mac=50:02:91:68:C6:D9
[2025-11-21 17:36:05] GET /wlc/public/api/status?mac=50:02:91:68:C6:D9
[2025-11-21 17:36:07] GET /wlc/public/api/status?mac=50:02:91:68:C6:D9
[2025-11-21 17:36:09] GET /wlc/public/api/status?mac=50:02:91:68:C6:D9
[2025-11-21 17:36:11] GET /wlc/public/api/status?mac=50:02:91:68:C6:D9
[2025-11-21 17:36:13] GET /wlc/public/api/status?mac=50:02:91:68:C6:D9
[2025-11-21 17:36:15] GET /wlc/public/api/status?mac=50:02:91:68:C6:D9
[2025-11-21 17:36:17] GET /wlc/public/api/status?mac=50:02:91:68:C6:D9
[2025-11-21 17:36:19] GET /wlc/public/api/status?mac=50:02:91:68:C6:D9
[2025-11-21 17:36:21] GET /wlc/public/api/status?mac=50:02:91:68:C6:D9
[2025-11-21 17:36:23] GET /wlc/public/api/status?mac=50:02:91:68:C6:D9
[2025-11-21 17:36:25] GET /wlc/public/api/status?mac=50:02:91:68:C6:D9
[2025-11-21 17:36:27] GET /wlc/public/api/status?mac=50:02:91:68:C6:D9
[2025-11-21 17:36:29] GET /wlc/public/api/status?mac=50:02:91:68:C6:D9
[2025-11-21 17:36:31] GET /wlc/public/api/status?mac=50:02:91:68:C6:D9
[2025-11-21 17:36:33] GET /wlc/public/api/status?mac=50:02:91:68:C6:D9
[2025-11-21 17:36:35] GET /wlc/public/api/status?mac=50:02:91:68:C6:D9
[2025-11-21 17:36:37] GET /wlc/public/api/status?mac=50:02:91:68:C6:D9
[2025-11-21 17:36:39] GET /wlc/public/api/status?mac=50:02:91:68:C6:D9
[2025-11-21 17:36:41] GET /wlc/public/api/status?mac=50:02:91:68:C6:D9
[2025-11-21 17:36:43] GET /wlc/public/api/status?mac=50:02:91:68:C6:D9
[2025-11-21 17:36:45] GET /wlc/public/api/status?mac=50:02:91:68:C6:D9
[2025-11-21 17:36:47] GET /wlc/public/api/status?mac=50:02:91:68:C6:D9
[2025-11-21 17:36:49] GET /wlc/public/api/status?mac=50:02:91:68:C6:D9
[2025-11-21 17:36:50] GET /wlc/controllers
[2025-11-21 17:36:50] GET /wlc/controllers
[2025-11-21 17:36:50] GET /wlc/controllers
[2025-11-21 17:36:51] GET /wlc/controllers
[2025-11-21 17:36:51] GET /wlc/controllers
[2025-11-21 17:36:51] GET /wlc/public/api/status?mac=50:02:91:68:C6:D9
[2025-11-21 17:36:53] GET /wlc/public/api/status?mac=50:02:91:68:C6:D9
[2025-11-21 17:36:55] GET /wlc/public/api/status?mac=50:02:91:68:C6:D9
[2025-11-21 17:36:57] GET /wlc/public/api/status?mac=50:02:91:68:C6:D9
[2025-11-21 17:36:59] GET /wlc/public/api/status?mac=50:02:91:68:C6:D9
[2025-11-21 17:37:01] GET /wlc/public/api/status?mac=50:02:91:68:C6:D9
[2025-11-21 17:37:03] GET /wlc/public/api/status?mac=50:02:91:68:C6:D9
[2025-11-21 17:37:05] GET /wlc/public/api/status?mac=50:02:91:68:C6:D9
[2025-11-21 17:37:07] GET /wlc/public/api/status?mac=50:02:91:68:C6:D9
[2025-11-21 17:37:09] GET /wlc/detect
[2025-11-21 17:37:09] GET /wlc/public/api/status?mac=50:02:91:68:C6:D9
[2025-11-21 17:37:09] GET /wlc/api/detected-devices
[2025-11-21 17:37:11] GET /wlc/public/api/status?mac=50:02:91:68:C6:D9
[2025-11-21 17:37:13] GET /wlc/public/api/status?mac=50:02:91:68:C6:D9
[2025-11-21 17:37:14] GET /wlc/api/detected-devices
[2025-11-21 17:37:15] GET /wlc/public/api/status?mac=50:02:91:68:C6:D9
[2025-11-21 17:37:16] GET /wlc/controllers
[2025-11-21 17:37:17] GET /wlc/detect
[2025-11-21 17:37:17] GET /wlc/api/detected-devices
[2025-11-21 17:37:17] GET /wlc/public/api/status?mac=50:02:91:68:C6:D9
[2025-11-21 17:37:19] GET /wlc/public/api/status?mac=50:02:91:68:C6:D9
[2025-11-21 17:37:20] GET /wlc/detect
[2025-11-21 17:37:20] GET /wlc/api/detected-devices
[2025-11-21 17:37:21] GET /wlc/public/api/status?mac=50:02:91:68:C6:D9
[2025-11-21 17:37:23] GET /wlc/public/api/status?mac=50:02:91:68:C6:D9
[2025-11-21 17:37:25] GET /wlc/api/detected-devices
[2025-11-21 17:37:25] GET /wlc/public/api/status?mac=50:02:91:68:C6:D9
[2025-11-21 17:37:27] GET /wlc/public/api/status?mac=50:02:91:68:C6:D9
[2025-11-21 17:37:29] GET /wlc/public/api/status?mac=50:02:91:68:C6:D9
[2025-11-21 17:37:30] GET /wlc/api/detected-devices
[2025-11-21 17:37:31] GET /wlc/public/api/status?mac=50:02:91:68:C6:D9
[2025-11-21 17:37:33] GET /wlc/public/api/status?mac=50:02:91:68:C6:D9
[2025-11-21 17:37:35] GET /wlc/api/detected-devices
[2025-11-21 17:37:35] GET /wlc/public/api/status?mac=50:02:91:68:C6:D9
[2025-11-21 17:37:37] GET /wlc/public/api/status?mac=50:02:91:68:C6:D9
[2025-11-21 17:37:39] GET /wlc/public/api/status?mac=50:02:91:68:C6:D9
[2025-11-21 17:37:40] GET /wlc/api/detected-devices
[2025-11-21 17:37:41] GET /wlc/public/api/status?mac=50:02:91:68:C6:D9
[2025-11-21 17:37:43] GET /wlc/public/api/status?mac=50:02:91:68:C6:D9
[2025-11-21 17:37:45] GET /wlc/api/detected-devices
[2025-11-21 17:37:45] GET /wlc/public/api/status?mac=50:02:91:68:C6:D9
[2025-11-21 17:37:47] GET /wlc/controllers/register?mac=50%3A02%3A91%3A68%3AC6%3AD9
[2025-11-21 17:37:47] GET /wlc/public/api/status?mac=50:02:91:68:C6:D9
[2025-11-21 17:37:49] GET /wlc/public/api/status?mac=50:02:91:68:C6:D9
[2025-11-21 17:37:51] GET /wlc/public/api/status?mac=50:02:91:68:C6:D9
[2025-11-21 17:37:53] GET /wlc/public/api/status?mac=50:02:91:68:C6:D9
[2025-11-21 17:37:55] GET /wlc/public/api/status?mac=50:02:91:68:C6:D9
[2025-11-21 17:37:57] GET /wlc/public/api/status?mac=50:02:91:68:C6:D9
[2025-11-21 17:37:58] POST /wlc/controllers/register
[2025-11-21 17:37:58] GET /wlc/controllers
[2025-11-21 17:37:59] GET /wlc/public/api/status?mac=50:02:91:68:C6:D9
[2025-11-21 17:38:00] GET /wlc/controllers
[2025-11-21 17:38:01] GET /wlc/controllers
[2025-11-21 17:38:01] GET /wlc/public/api/status?mac=50:02:91:68:C6:D9
[2025-11-21 17:38:03] GET /wlc/public/api/status?mac=50:02:91:68:C6:D9
[2025-11-21 17:38:05] GET /wlc/public/api/status?mac=50:02:91:68:C6:D9
[2025-11-21 17:38:07] GET /wlc/public/api/status?mac=50:02:91:68:C6:D9
[2025-11-21 17:38:09] GET /wlc/public/api/status?mac=50:02:91:68:C6:D9
[2025-11-21 17:38:11] GET /wlc/public/api/status?mac=50:02:91:68:C6:D9
[2025-11-21 17:38:13] GET /wlc/public/api/status?mac=50:02:91:68:C6:D9
[2025-11-21 17:38:15] GET /wlc/public/api/status?mac=50:02:91:68:C6:D9
[2025-11-21 17:38:17] GET /wlc/public/api/status?mac=50:02:91:68:C6:D9
[2025-11-21 17:38:19] GET /wlc/public/api/status?mac=50:02:91:68:C6:D9
[2025-11-21 17:38:21] GET /wlc/public/api/status?mac=50:02:91:68:C6:D9
[2025-11-21 17:38:22] POST /wlc/controllers/register
[2025-11-21 17:38:22] GET /wlc/controllers
[2025-11-21 17:38:23] GET /wlc/public/api/status?mac=50:02:91:68:C6:D9
[2025-11-21 17:38:25] GET /wlc/public/api/status?mac=50:02:91:68:C6:D9
[2025-11-21 17:38:27] GET /wlc/public/api/status?mac=50:02:91:68:C6:D9
[2025-11-21 17:38:29] GET /wlc/public/api/status?mac=50:02:91:68:C6:D9
[2025-11-21 17:38:31] GET /wlc/public/api/status?mac=50:02:91:68:C6:D9
[2025-11-21 17:38:33] GET /wlc/public/api/status?mac=50:02:91:68:C6:D9
[2025-11-21 17:38:35] GET /wlc/public/api/status?mac=50:02:91:68:C6:D9
[2025-11-21 17:38:37] GET /wlc/public/api/status?mac=50:02:91:68:C6:D9
[2025-11-21 17:38:39] GET /wlc/public/api/status?mac=50:02:91:68:C6:D9
[2025-11-21 17:38:41] GET /wlc/public/api/status?mac=50:02:91:68:C6:D9
[2025-11-21 17:38:43] GET /wlc/public/api/status?mac=50:02:91:68:C6:D9
[2025-11-21 17:38:45] GET /wlc/public/api/status?mac=50:02:91:68:C6:D9
[2025-11-21 17:38:47] GET /wlc/public/api/status?mac=50:02:91:68:C6:D9
[2025-11-21 17:38:49] GET /wlc/public/api/status?mac=50:02:91:68:C6:D9
[2025-11-21 17:38:51] GET /wlc/public/api/status?mac=50:02:91:68:C6:D9
[2025-11-21 17:38:53] GET /wlc/public/api/status?mac=50:02:91:68:C6:D9
[2025-11-21 17:38:55] GET /wlc/public/api/status?mac=50:02:91:68:C6:D9
[2025-11-21 17:38:57] GET /wlc/public/api/status?mac=50:02:91:68:C6:D9
[2025-11-21 17:38:59] GET /wlc/public/api/status?mac=50:02:91:68:C6:D9
[2025-11-21 17:39:01] GET /wlc/public/api/status?mac=50:02:91:68:C6:D9
[2025-11-21 17:39:03] GET /wlc/public/api/status?mac=50:02:91:68:C6:D9
[2025-11-21 17:39:05] GET /wlc/public/api/status?mac=50:02:91:68:C6:D9
[2025-11-21 17:39:07] GET /wlc/public/api/status?mac=50:02:91:68:C6:D9
[2025-11-21 17:39:09] GET /wlc/public/api/status?mac=50:02:91:68:C6:D9
[2025-11-21 17:39:11] GET /wlc/public/api/status?mac=50:02:91:68:C6:D9
[2025-11-21 17:39:13] GET /wlc/public/api/status?mac=50:02:91:68:C6:D9
[2025-11-21 17:39:15] GET /wlc/public/api/status?mac=50:02:91:68:C6:D9
[2025-11-21 17:39:17] GET /wlc/public/api/status?mac=50:02:91:68:C6:D9
[2025-11-21 17:39:19] GET /wlc/public/api/status?mac=50:02:91:68:C6:D9
[2025-11-21 17:39:20] GET /wlc/controllers
[2025-11-21 17:39:21] GET /wlc/public/api/status?mac=50:02:91:68:C6:D9
[2025-11-21 17:39:22] GET /wlc/detect
[2025-11-21 17:39:22] GET /wlc/api/detected-devices
[2025-11-21 17:39:23] GET /wlc/public/api/status?mac=50:02:91:68:C6:D9
[2025-11-21 17:39:25] GET /wlc/detect
[2025-11-21 17:39:25] GET /wlc/api/detected-devices
[2025-11-21 17:39:25] GET /wlc/detect
[2025-11-21 17:39:25] GET /wlc/api/detected-devices
[2025-11-21 17:39:25] GET /wlc/public/api/status?mac=50:02:91:68:C6:D9
[2025-11-21 17:39:26] GET /wlc/detect
[2025-11-21 17:39:26] GET /wlc/api/detected-devices
[2025-11-21 17:39:26] GET /wlc/detect
[2025-11-21 17:39:26] GET /wlc/api/detected-devices
[2025-11-21 17:39:26] GET /wlc/detect
[2025-11-21 17:39:26] GET /wlc/api/detected-devices
[2025-11-21 17:39:26] GET /wlc/detect
[2025-11-21 17:39:27] GET /wlc/api/detected-devices
[2025-11-21 17:39:27] GET /wlc/detect
[2025-11-21 17:39:27] GET /wlc/api/detected-devices
[2025-11-21 17:39:27] GET /wlc/detect
[2025-11-21 17:39:27] GET /wlc/api/detected-devices
[2025-11-21 17:39:27] GET /wlc/detect
[2025-11-21 17:39:27] GET /wlc/public/api/status?mac=50:02:91:68:C6:D9
[2025-11-21 17:39:27] GET /wlc/api/detected-devices
[2025-11-21 17:39:28] GET /wlc/detect
[2025-11-21 17:39:28] GET /wlc/detect
[2025-11-21 17:39:28] GET /wlc/api/detected-devices
[2025-11-21 17:39:28] GET /wlc/api/detected-devices
[2025-11-21 17:39:28] GET /wlc/detect
[2025-11-21 17:39:28] GET /wlc/api/detected-devices
[2025-11-21 17:39:29] GET /wlc/detect
[2025-11-21 17:39:29] GET /wlc/api/detected-devices
[2025-11-21 17:39:29] GET /wlc/detect
[2025-11-21 17:39:29] GET /wlc/api/detected-devices
[2025-11-21 17:39:29] GET /wlc/detect
[2025-11-21 17:39:29] GET /wlc/api/detected-devices
[2025-11-21 17:39:29] GET /wlc/public/api/status?mac=50:02:91:68:C6:D9
[2025-11-21 17:39:29] GET /wlc/detect
[2025-11-21 17:39:30] GET /wlc/api/detected-devices
[2025-11-21 17:39:31] GET /wlc/public/api/status?mac=50:02:91:68:C6:D9
[2025-11-21 17:39:33] GET /wlc/public/api/status?mac=50:02:91:68:C6:D9
[2025-11-21 17:39:35] GET /wlc/api/detected-devices
[2025-11-21 17:39:35] GET /wlc/public/api/status?mac=50:02:91:68:C6:D9
[2025-11-21 17:39:37] GET /wlc/public/api/status?mac=50:02:91:68:C6:D9
[2025-11-21 17:39:39] GET /wlc/public/api/status?mac=50:02:91:68:C6:D9
[2025-11-21 17:39:40] GET /wlc/api/detected-devices
[2025-11-21 17:39:41] GET /wlc/public/api/status?mac=50:02:91:68:C6:D9
[2025-11-21 17:39:42] GET /wlc/controllers/register?mac=50%3A02%3A91%3A68%3AC6%3AD9
[2025-11-21 17:39:43] GET /wlc/public/api/status?mac=50:02:91:68:C6:D9
[2025-11-21 17:39:45] GET /wlc/public/api/status?mac=50:02:91:68:C6:D9
[2025-11-21 17:39:47] GET /wlc/public/api/status?mac=50:02:91:68:C6:D9
[2025-11-21 17:39:49] GET /wlc/public/api/status?mac=50:02:91:68:C6:D9
[2025-11-21 17:39:51] GET /wlc/public/api/status?mac=50:02:91:68:C6:D9
[2025-11-21 17:39:53] GET /wlc/public/api/status?mac=50:02:91:68:C6:D9
[2025-11-21 17:39:55] GET /wlc/public/api/status?mac=50:02:91:68:C6:D9
[2025-11-21 17:39:57] GET /wlc/public/api/status?mac=50:02:91:68:C6:D9
[2025-11-21 17:39:58] POST /wlc/controllers/register
[2025-11-21 17:39:58] GET /wlc/controllers
[2025-11-21 17:39:59] GET /wlc/public/api/status?mac=50:02:91:68:C6:D9
[2025-11-21 17:40:01] GET /wlc/public/api/status?mac=50:02:91:68:C6:D9
[2025-11-21 17:40:03] GET /wlc/public/api/status?mac=50:02:91:68:C6:D9
[2025-11-21 17:40:05] GET /wlc/public/api/status?mac=50:02:91:68:C6:D9
[2025-11-21 17:40:07] GET /wlc/public/api/status?mac=50:02:91:68:C6:D9
[2025-11-21 17:40:09] GET /wlc/public/api/status?mac=50:02:91:68:C6:D9
[2025-11-21 17:40:10] GET /wlc/controllers
[2025-11-21 17:40:11] GET /wlc/public/api/status?mac=50:02:91:68:C6:D9
[2025-11-21 17:40:13] GET /wlc/public/api/status?mac=50:02:91:68:C6:D9
[2025-11-21 17:40:15] GET /wlc/detect
[2025-11-21 17:40:15] GET /wlc/api/detected-devices
[2025-11-21 17:40:15] GET /wlc/public/api/status?mac=50:02:91:68:C6:D9
[2025-11-21 17:40:17] GET /wlc/public/api/status?mac=50:02:91:68:C6:D9
[2025-11-21 17:40:19] GET /wlc/controllers/register?mac=50%3A02%3A91%3A68%3AC6%3AD9
[2025-11-21 17:40:19] GET /wlc/public/api/status?mac=50:02:91:68:C6:D9
[2025-11-21 17:40:21] GET /wlc/public/api/status?mac=50:02:91:68:C6:D9
[2025-11-21 17:40:23] GET /wlc/public/api/status?mac=50:02:91:68:C6:D9
[2025-11-21 17:40:25] GET /wlc/public/api/status?mac=50:02:91:68:C6:D9
[2025-11-21 17:40:26] POST /wlc/controllers/register
[2025-11-21 17:40:26] GET /wlc/controllers
[2025-11-21 17:40:27] GET /wlc/public/api/status?mac=50:02:91:68:C6:D9
[2025-11-21 17:40:29] GET /wlc/public/api/status?mac=50:02:91:68:C6:D9
[2025-11-21 17:40:31] GET /wlc/public/api/status?mac=50:02:91:68:C6:D9
[2025-11-21 17:40:33] GET /wlc/public/api/status?mac=50:02:91:68:C6:D9
[2025-11-21 17:40:35] GET /wlc/public/api/status?mac=50:02:91:68:C6:D9
[2025-11-21 17:40:37] GET /wlc/public/api/status?mac=50:02:91:68:C6:D9
[2025-11-21 17:40:39] GET /wlc/controllers
[2025-11-21 17:40:39] GET /wlc/controllers
[2025-11-21 17:40:39] GET /wlc/public/api/status?mac=50:02:91:68:C6:D9
[2025-11-21 17:40:39] GET /wlc/controllers
[2025-11-21 17:40:40] GET /wlc/controllers
[2025-11-21 17:40:41] GET /wlc/public/api/status?mac=50:02:91:68:C6:D9
[2025-11-21 17:40:43] GET /wlc/public/api/status?mac=50:02:91:68:C6:D9
[2025-11-21 17:40:45] GET /wlc/public/api/status?mac=50:02:91:68:C6:D9
[2025-11-21 17:40:47] GET /wlc/public/api/status?mac=50:02:91:68:C6:D9
[2025-11-21 17:40:48] POST /wlc/controllers/register
[2025-11-21 17:40:48] GET /wlc/controllers
[2025-11-21 17:40:49] GET /wlc/public/api/status?mac=50:02:91:68:C6:D9
[2025-11-21 17:40:51] GET /wlc/public/api/status?mac=50:02:91:68:C6:D9
[2025-11-21 17:40:53] GET /wlc/public/api/status?mac=50:02:91:68:C6:D9
[2025-11-21 17:40:55] GET /wlc/public/api/status?mac=50:02:91:68:C6:D9
[2025-11-21 17:40:57] GET /wlc/public/api/status?mac=50:02:91:68:C6:D9
[2025-11-21 17:40:59] GET /wlc/public/api/status?mac=50:02:91:68:C6:D9
[2025-11-21 17:41:01] GET /wlc/public/api/status?mac=50:02:91:68:C6:D9
[2025-11-21 17:41:03] GET /wlc/public/api/status?mac=50:02:91:68:C6:D9
[2025-11-21 17:41:05] GET /wlc/public/api/status?mac=50:02:91:68:C6:D9
[2025-11-21 17:41:07] GET /wlc/public/api/status?mac=50:02:91:68:C6:D9
[2025-11-21 17:41:09] GET /wlc/public/api/status?mac=50:02:91:68:C6:D9
[2025-11-21 17:41:11] GET /wlc/public/api/status?mac=50:02:91:68:C6:D9
[2025-11-21 17:41:13] GET /wlc/public/api/status?mac=50:02:91:68:C6:D9
[2025-11-21 17:41:15] GET /wlc/public/api/status?mac=50:02:91:68:C6:D9
[2025-11-21 17:41:17] GET /wlc/public/api/status?mac=50:02:91:68:C6:D9
[2025-11-21 17:41:19] GET /wlc/public/api/status?mac=50:02:91:68:C6:D9
[2025-11-21 17:41:21] GET /wlc/public/api/status?mac=50:02:91:68:C6:D9
[2025-11-21 17:41:23] GET /wlc/public/api/status?mac=50:02:91:68:C6:D9
[2025-11-21 17:41:25] GET /wlc/public/api/status?mac=50:02:91:68:C6:D9
[2025-11-21 17:41:27] GET /wlc/public/api/status?mac=50:02:91:68:C6:D9
[2025-11-21 17:41:29] GET /wlc/public/api/status?mac=50:02:91:68:C6:D9
[2025-11-21 17:41:31] GET /wlc/public/api/status?mac=50:02:91:68:C6:D9
[2025-11-21 17:41:33] GET /wlc/public/api/status?mac=50:02:91:68:C6:D9
[2025-11-21 17:41:35] GET /wlc/public/api/status?mac=50:02:91:68:C6:D9
[2025-11-21 17:41:37] GET /wlc/public/api/status?mac=50:02:91:68:C6:D9
[2025-11-21 17:41:39] GET /wlc/public/api/status?mac=50:02:91:68:C6:D9
[2025-11-21 17:41:41] GET /wlc/controllers
[2025-11-21 17:41:41] GET /wlc/public/api/status?mac=50:02:91:68:C6:D9
[2025-11-21 17:41:43] GET /wlc/public/api/status?mac=50:02:91:68:C6:D9
[2025-11-21 17:41:45] GET /wlc/public/api/status?mac=50:02:91:68:C6:D9
[2025-11-21 17:41:47] GET /wlc/public/api/status?mac=50:02:91:68:C6:D9
[2025-11-21 17:41:49] GET /wlc/public/api/status?mac=50:02:91:68:C6:D9
[2025-11-21 17:41:51] POST /wlc/controllers/register
[2025-11-21 17:41:51] GET /wlc/controllers
[2025-11-21 17:41:51] GET /wlc/public/api/status?mac=50:02:91:68:C6:D9
[2025-11-21 17:41:53] GET /wlc/public/api/status?mac=50:02:91:68:C6:D9
[2025-11-21 17:41:55] GET /wlc/public/api/status?mac=50:02:91:68:C6:D9
[2025-11-21 17:41:57] GET /wlc/public/api/status?mac=50:02:91:68:C6:D9
[2025-11-21 17:41:59] GET /wlc/public/api/status?mac=50:02:91:68:C6:D9
[2025-11-21 17:42:01] GET /wlc/public/api/status?mac=50:02:91:68:C6:D9
[2025-11-21 17:42:03] GET /wlc/public/api/status?mac=50:02:91:68:C6:D9
[2025-11-21 17:42:05] GET /wlc/public/api/status?mac=50:02:91:68:C6:D9
[2025-11-21 17:42:07] GET /wlc/public/api/status?mac=50:02:91:68:C6:D9
[2025-11-21 17:42:09] GET /wlc/public/api/status?mac=50:02:91:68:C6:D9
[2025-11-21 17:42:11] GET /wlc/public/api/status?mac=50:02:91:68:C6:D9
[2025-11-21 17:42:13] GET /wlc/public/api/status?mac=50:02:91:68:C6:D9
[2025-11-21 17:42:15] GET /wlc/public/api/status?mac=50:02:91:68:C6:D9
[2025-11-21 17:42:17] GET /wlc/public/api/status?mac=50:02:91:68:C6:D9
[2025-11-21 17:42:19] GET /wlc/public/api/status?mac=50:02:91:68:C6:D9
[2025-11-21 17:42:21] GET /wlc/public/api/status?mac=50:02:91:68:C6:D9
[2025-11-21 17:42:23] GET /wlc/public/api/status?mac=50:02:91:68:C6:D9
[2025-11-21 17:42:25] GET /wlc/public/api/status?mac=50:02:91:68:C6:D9
[2025-11-21 17:42:27] GET /wlc/public/api/status?mac=50:02:91:68:C6:D9
[2025-11-21 17:42:29] GET /wlc/public/api/status?mac=50:02:91:68:C6:D9
[2025-11-21 17:42:31] GET /wlc/public/api/status?mac=50:02:91:68:C6:D9
[2025-11-21 17:42:33] GET /wlc/public/api/status?mac=50:02:91:68:C6:D9
[2025-11-21 17:42:35] GET /wlc/public/api/status?mac=50:02:91:68:C6:D9
[2025-11-21 17:42:37] GET /wlc/public/api/status?mac=50:02:91:68:C6:D9
[2025-11-21 17:42:39] GET /wlc/public/api/status?mac=50:02:91:68:C6:D9
[2025-11-21 17:42:41] GET /wlc/public/api/status?mac=50:02:91:68:C6:D9
[2025-11-21 17:42:43] GET /wlc/public/api/status?mac=50:02:91:68:C6:D9
[2025-11-21 17:42:45] GET /wlc/public/api/status?mac=50:02:91:68:C6:D9
[2025-11-21 17:42:48] GET /wlc/public/api/status?mac=50:02:91:68:C6:D9
[2025-11-21 17:42:49] GET /wlc/public/api/status?mac=50:02:91:68:C6:D9
[2025-11-21 17:42:51] GET /wlc/public/api/status?mac=50:02:91:68:C6:D9
[2025-11-21 17:42:53] GET /wlc/public/api/status?mac=50:02:91:68:C6:D9
[2025-11-21 17:42:55] GET /wlc/public/api/status?mac=50:02:91:68:C6:D9
[2025-11-21 17:42:57] GET /wlc/public/api/status?mac=50:02:91:68:C6:D9
[2025-11-21 17:42:59] GET /wlc/public/api/status?mac=50:02:91:68:C6:D9
[2025-11-21 17:43:01] GET /wlc/public/api/status?mac=50:02:91:68:C6:D9
[2025-11-21 17:43:03] GET /wlc/public/api/status?mac=50:02:91:68:C6:D9
[2025-11-21 17:43:05] GET /wlc/public/api/status?mac=50:02:91:68:C6:D9
[2025-11-21 17:43:07] GET /wlc/public/api/status?mac=50:02:91:68:C6:D9
[2025-11-21 17:43:09] GET /wlc/public/api/status?mac=50:02:91:68:C6:D9
[2025-11-21 17:43:11] GET /wlc/public/api/status?mac=50:02:91:68:C6:D9
[2025-11-21 17:43:13] GET /wlc/public/api/status?mac=50:02:91:68:C6:D9
[2025-11-21 17:43:15] GET /wlc/public/api/status?mac=50:02:91:68:C6:D9
[2025-11-21 17:43:17] POST /wlc/controllers/register
[2025-11-21 17:43:17] GET /wlc/controllers
[2025-11-21 17:43:17] GET /wlc/public/api/status?mac=50:02:91:68:C6:D9
[2025-11-21 17:43:19] GET /wlc/controllers
[2025-11-21 17:43:20] GET /wlc/controllers
[2025-11-21 17:43:20] GET /wlc/controllers
[2025-11-21 17:43:22] GET /wlc/controllers/11
[2025-11-21 17:43:26] GET /wlc/public/api/status?mac=50:02:91:68:C6:D9
[2025-11-21 17:43:27] GET /wlc/controllers
[2025-11-21 17:43:35] GET /wlc/public/api/status?mac=50:02:91:68:C6:D9
[2025-11-21 17:43:43] GET /wlc/public/api/status?mac=50:02:91:68:C6:D9
[2025-11-21 17:43:52] GET /wlc/public/api/status?mac=50:02:91:68:C6:D9
[2025-11-21 17:44:01] GET /wlc/public/api/status?mac=50:02:91:68:C6:D9
[2025-11-21 17:44:09] GET /wlc/public/api/status?mac=50:02:91:68:C6:D9
[2025-11-21 17:44:18] GET /wlc/public/api/status?mac=50:02:91:68:C6:D9
[2025-11-21 17:44:27] GET /wlc/public/api/status?mac=50:02:91:68:C6:D9
[2025-11-21 17:44:35] GET /wlc/public/api/status?mac=50:02:91:68:C6:D9
[2025-11-21 17:44:44] GET /wlc/public/api/status?mac=50:02:91:68:C6:D9
[2025-11-21 17:44:53] GET /wlc/public/api/status?mac=50:02:91:68:C6:D9
